<?xml version="1.0" encoding="UTF-8"?>
<!-- Generated by org.testng.reporters.JUnitXMLReporter -->
<testsuite ignored="0" hostname="ABNER" failures="1" tests="2" name="run on Firefox" time="0.138" errors="0" timestamp="23 Dec 2021 09:09:48 GMT">
  <testcase classname="com.nopcommerce.cloud.Register_Nopcommerce_BrowserStack" name="@BeforeClass beforeClass" time="0.0">
    <failure type="org.testng.TestNGException" message="
Parameter &amp;apos;url&amp;apos; is required by BeforeClass on method beforeClass but has not been marked @Optional or defined
in B:\Quang\New folder\Learn\selenium\03- Java Hybird Framework\hybird-framework-nopcommerce\resources\runEcommerceTestCasesLocal.xml">
      <![CDATA[org.testng.TestNGException: 
Parameter 'url' is required by BeforeClass on method beforeClass but has not been marked @Optional or defined
in B:\Quang\New folder\Learn\selenium\03- Java Hybird Framework\hybird-framework-nopcommerce\resources\runEcommerceTestCasesLocal.xml
... Removed 23 stack frames]]>
    </failure>
  </testcase> <!-- @BeforeClass beforeClass -->
  <testcase classname="com.nopcommerce.cloud.Register_Nopcommerce_BrowserStack" name="TC_01_Empty_Data" time="0.0">
    <skipped/>
  </testcase> <!-- TC_01_Empty_Data -->
  <testcase classname="com.nopcommerce.cloud.Register_Nopcommerce_BrowserStack" name="TC_01_Empty_Data" time="0.112">
    <failure type="java.lang.NullPointerException" message="Cannot invoke &amp;quot;com.relevantcodes.extentreports.ExtentTest.log(com.relevantcodes.extentreports.LogStatus, String)&amp;quot; because the return value of &amp;quot;reportConfig.ExtentTestManager.getTest()&amp;quot; is null">
      <![CDATA[java.lang.NullPointerException: Cannot invoke "com.relevantcodes.extentreports.ExtentTest.log(com.relevantcodes.extentreports.LogStatus, String)" because the return value of "reportConfig.ExtentTestManager.getTest()" is null
at reportConfig.ExtentTestListener.onTestSkipped(ExtentTestListener.java:50)
... Removed 23 stack frames]]>
    </failure>
  </testcase> <!-- TC_01_Empty_Data -->
</testsuite> <!-- run on Firefox -->
