<?xml version="1.0" encoding="UTF-8"?>
<!-- Generated by org.testng.reporters.JUnitXMLReporter -->
<testsuite ignored="0" hostname="ABNER" failures="1" tests="2" name="run on firefox" time="0.133" errors="0" timestamp="16 Nov 2021 09:47:52 GMT">
  <testcase classname="com.nopcommerce.commons.Common_01_Login_Data" name="@BeforeTest beforeClass" time="0.047">
    <failure type="org.openqa.selenium.WebDriverException" message="Cannot find firefox binary in PATH. Make sure firefox is installed. OS appears to be: WIN10
Build info: version: &amp;apos;3.141.59&amp;apos;, revision: &amp;apos;e82be7d358&amp;apos;, time: &amp;apos;2018-11-14T08:25:53&amp;apos;
System info: host: &amp;apos;ABNER&amp;apos;, ip: &amp;apos;192.168.1.60&amp;apos;, os.name: &amp;apos;Windows 10&amp;apos;, os.arch: &amp;apos;amd64&amp;apos;, os.version: &amp;apos;10.0&amp;apos;, java.version: &amp;apos;16.0.1&amp;apos;
Driver info: driver.version: FirefoxDriver">
      <![CDATA[org.openqa.selenium.WebDriverException: Cannot find firefox binary in PATH. Make sure firefox is installed. OS appears to be: WIN10
Build info: version: '3.141.59', revision: 'e82be7d358', time: '2018-11-14T08:25:53'
System info: host: 'ABNER', ip: '192.168.1.60', os.name: 'Windows 10', os.arch: 'amd64', os.version: '10.0', java.version: '16.0.1'
Driver info: driver.version: FirefoxDriver
at org.openqa.selenium.firefox.FirefoxBinary.<init>(FirefoxBinary.java:100)
at java.base/java.util.Optional.orElseGet(Optional.java:364)
at org.openqa.selenium.firefox.FirefoxOptions.getBinary(FirefoxOptions.java:216)
at org.openqa.selenium.firefox.FirefoxDriver.toExecutor(FirefoxDriver.java:187)
at org.openqa.selenium.firefox.FirefoxDriver.<init>(FirefoxDriver.java:147)
at org.openqa.selenium.firefox.FirefoxDriver.<init>(FirefoxDriver.java:125)
at commons.BaseTest.getDriverBrowsers(BaseTest.java:66)
at com.nopcommerce.commons.Common_01_Login_Data.beforeClass(Common_01_Login_Data.java:26)
... Removed 24 stack frames]]>
    </failure>
  </testcase> <!-- @BeforeTest beforeClass -->
  <testcase classname="com.nopcommerce.wishlist.Wishlist_Nopcommerce" name="@BeforeClass beforeClass" time="0.0">
    <skipped/>
  </testcase> <!-- @BeforeClass beforeClass -->
  <testcase classname="com.nopcommerce.wishlist.Wishlist_Nopcommerce" name="TC_01_Add_To_Wishlist" time="0.0">
    <skipped/>
  </testcase> <!-- TC_01_Add_To_Wishlist -->
  <testcase classname="com.nopcommerce.wishlist.Wishlist_Nopcommerce" name="TC_01_Add_To_Wishlist" time="0.071">
    <failure type="java.lang.NullPointerException" message="Cannot invoke &amp;quot;com.relevantcodes.extentreports.ExtentTest.log(com.relevantcodes.extentreports.LogStatus, String)&amp;quot; because the return value of &amp;quot;reportConfig.ExtentTestManager.getTest()&amp;quot; is null">
      <![CDATA[java.lang.NullPointerException: Cannot invoke "com.relevantcodes.extentreports.ExtentTest.log(com.relevantcodes.extentreports.LogStatus, String)" because the return value of "reportConfig.ExtentTestManager.getTest()" is null
at reportConfig.ExtentTestListener.onTestSkipped(ExtentTestListener.java:50)
... Removed 23 stack frames]]>
    </failure>
  </testcase> <!-- TC_01_Add_To_Wishlist -->
</testsuite> <!-- run on firefox -->
