<?xml version="1.0" encoding="UTF-8"?>
<!-- Generated by org.testng.reporters.JUnitReportReporter -->
<testsuite hostname="ABNER" failures="0" tests="7" name="com.nopcommerce.cloud.Register_Nopcommerce_BrowserStack" time="0.000" errors="1" timestamp="23 Dec 2021 09:06:54 GMT" skipped="6">
  <testcase classname="com.nopcommerce.cloud.Register_Nopcommerce_BrowserStack" name="TC_05_Password_Less_Than_6_Char" time="0.000">
    <skipped/>
  </testcase> <!-- TC_05_Password_Less_Than_6_Char -->
  <testcase classname="com.nopcommerce.cloud.Register_Nopcommerce_BrowserStack" name="TC_02_Wrong_Email" time="0.000">
    <skipped/>
  </testcase> <!-- TC_02_Wrong_Email -->
  <testcase classname="com.nopcommerce.cloud.Register_Nopcommerce_BrowserStack" name="beforeClass" time="0.000">
    <error message="
Parameter &#039;url&#039; is required by BeforeClass on method beforeClass but has not been marked @Optional or defined
in C:\Users\Admin\AppData\Local\Temp\testng-eclipse--1937821746\testng-customsuite.xml" type="org.testng.TestNGException">
      <![CDATA[org.testng.TestNGException: 
Parameter 'url' is required by BeforeClass on method beforeClass but has not been marked @Optional or defined
in C:\Users\Admin\AppData\Local\Temp\testng-eclipse--1937821746\testng-customsuite.xml
at org.testng.internal.Parameters.createParams(Parameters.java:290)
at org.testng.internal.Parameters.createParametersForMethod(Parameters.java:359)
at org.testng.internal.Parameters.createParameters(Parameters.java:620)
at org.testng.internal.Parameters.createConfigurationParameters(Parameters.java:190)
at org.testng.internal.Invoker.invokeConfigurations(Invoker.java:209)
at org.testng.internal.Invoker.invokeConfigurations(Invoker.java:142)
at org.testng.internal.TestMethodWorker.invokeBeforeClassMethods(TestMethodWorker.java:168)
at org.testng.internal.TestMethodWorker.run(TestMethodWorker.java:105)
at org.testng.TestRunner.privateRun(TestRunner.java:648)
at org.testng.TestRunner.run(TestRunner.java:505)
at org.testng.SuiteRunner.runTest(SuiteRunner.java:455)
at org.testng.SuiteRunner.runSequentially(SuiteRunner.java:450)
at org.testng.SuiteRunner.privateRun(SuiteRunner.java:415)
at org.testng.SuiteRunner.run(SuiteRunner.java:364)
at org.testng.SuiteRunnerWorker.runSuite(SuiteRunnerWorker.java:52)
at org.testng.SuiteRunnerWorker.run(SuiteRunnerWorker.java:84)
at org.testng.TestNG.runSuitesSequentially(TestNG.java:1208)
at org.testng.TestNG.runSuitesLocally(TestNG.java:1137)
at org.testng.TestNG.runSuites(TestNG.java:1049)
at org.testng.TestNG.run(TestNG.java:1017)
at org.testng.remote.AbstractRemoteTestNG.run(AbstractRemoteTestNG.java:115)
at org.testng.remote.RemoteTestNG.initAndRun(RemoteTestNG.java:251)
at org.testng.remote.RemoteTestNG.main(RemoteTestNG.java:77)
]]>
    </error>
  </testcase> <!-- beforeClass -->
  <testcase classname="com.nopcommerce.cloud.Register_Nopcommerce_BrowserStack" name="TC_06_Wrong_Confirm_Password" time="0.000">
    <skipped/>
  </testcase> <!-- TC_06_Wrong_Confirm_Password -->
  <testcase classname="com.nopcommerce.cloud.Register_Nopcommerce_BrowserStack" name="TC_01_Empty_Data" time="0.000">
    <skipped/>
  </testcase> <!-- TC_01_Empty_Data -->
  <testcase classname="com.nopcommerce.cloud.Register_Nopcommerce_BrowserStack" name="TC_03_Valid_Data" time="0.000">
    <skipped/>
  </testcase> <!-- TC_03_Valid_Data -->
  <testcase classname="com.nopcommerce.cloud.Register_Nopcommerce_BrowserStack" name="TC_04_Exist_Email" time="0.000">
    <skipped/>
  </testcase> <!-- TC_04_Exist_Email -->
</testsuite> <!-- com.nopcommerce.cloud.Register_Nopcommerce_BrowserStack -->
